Command line:
   IF_MEM_isim_beh.exe
     -simmode  gui
     -simrunnum  0
     -socket  51365

Wed May 20 12:45:30 2015


 Elaboration Time: 0.109201 sec

 Current Memory Usage: 538.763 Meg

 Total Signals          : 4
 Total Nets             : 32811
 Total Signal Drivers   : 1
 Total Blocks           : 6
 Total Primitive Blocks : 6
 Total Processes        : 1
 Total Traceable Variables  : 13
 Total Scalar Nets and Variables : 33710
Total Line Count : 2

 Total Simulation Time: 0.124801 sec

 Current Memory Usage: 538.763 Meg

Wed May 20 12:45:44 2015

